2025-11-08 11:55:29,546 - INFO - Starting to build pipeline...
2025-11-08 11:55:29,546 - INFO - Loading and processing csv...
2025-11-08 11:55:29,555 - INFO - Read the csv
2025-11-08 11:55:29,572 - INFO - Processed csv and saved...
2025-11-08 11:55:29,572 - INFO - Data  loaded and processed...
2025-11-08 11:55:29,573 - INFO - Use pytorch device_name: cpu
2025-11-08 11:55:29,573 - INFO - Load pretrained SentenceTransformer: all-MiniLM-L6-v2
2025-11-08 11:55:32,919 - INFO - Anonymized telemetry enabled. See                     https://docs.trychroma.com/telemetry for more information.
2025-11-08 11:55:48,408 - INFO - Vector store built sucessfully...
2025-11-08 11:55:48,408 - INFO - Pipeline built sucessfuly...
2025-11-08 12:05:13,782 - INFO - Starting to build pipeline...
2025-11-08 12:05:13,782 - INFO - Loading and processing csv...
2025-11-08 12:05:13,789 - INFO - Read the csv
2025-11-08 12:05:13,796 - INFO - Processed csv and saved...
2025-11-08 12:05:13,797 - INFO - Data  loaded and processed...
2025-11-08 12:05:13,798 - INFO - Use pytorch device_name: cpu
2025-11-08 12:05:13,798 - INFO - Load pretrained SentenceTransformer: all-MiniLM-L6-v2
2025-11-08 12:05:20,600 - INFO - Anonymized telemetry enabled. See                     https://docs.trychroma.com/telemetry for more information.
2025-11-08 12:05:36,143 - INFO - Vector store built sucessfully...
2025-11-08 12:05:36,143 - INFO - Pipeline built sucessfuly...
2025-11-08 12:05:50,090 - INFO - Starting to build pipeline...
2025-11-08 12:05:50,090 - INFO - Loading and processing csv...
2025-11-08 12:05:50,097 - INFO - Read the csv
2025-11-08 12:05:50,106 - INFO - Processed csv and saved...
2025-11-08 12:05:50,107 - INFO - Data  loaded and processed...
2025-11-08 12:05:50,108 - INFO - Use pytorch device_name: cpu
2025-11-08 12:05:50,108 - INFO - Load pretrained SentenceTransformer: all-MiniLM-L6-v2
2025-11-08 12:05:52,831 - INFO - Anonymized telemetry enabled. See                     https://docs.trychroma.com/telemetry for more information.
2025-11-08 12:06:17,010 - INFO - Vector store built sucessfully...
2025-11-08 12:06:17,010 - INFO - Pipeline built sucessfuly...
2025-11-08 12:13:37,440 - INFO - Starting to build pipeline...
2025-11-08 12:13:37,440 - INFO - Loading and processing csv...
2025-11-08 12:13:37,447 - INFO - Read the csv
2025-11-08 12:13:37,458 - INFO - Processed csv and saved...
2025-11-08 12:13:37,458 - INFO - Data  loaded and processed...
2025-11-08 12:13:37,459 - INFO - Use pytorch device_name: cpu
2025-11-08 12:13:37,459 - INFO - Load pretrained SentenceTransformer: all-MiniLM-L6-v2
2025-11-08 12:13:39,980 - INFO - Anonymized telemetry enabled. See                     https://docs.trychroma.com/telemetry for more information.
2025-11-08 12:13:55,845 - INFO - Vector store built sucessfully...
2025-11-08 12:13:55,845 - INFO - Pipeline built sucessfully...
